<?xml version="1.0" encoding="UTF-8"?>
<!-- Generated by org.testng.reporters.JUnitXMLReporter -->
<testsuite ignored="0" hostname="CHDSEZ578256L" failures="0" tests="3" name="Default test" time="32.43" errors="0" timestamp="2023-07-12T11:43:03 IST">
  <testcase classname="com.FDdetail.testscenario.CredentialTest" name="CredentialTest" time="10.083"/>
  <testcase classname="com.FDdetail.testscenario.CredentialTest" name="printingAccountDetails" time="5.216"/>
  <testcase classname="com.FDdetail.testscenario.CredentialTest" name="creatingNewAcc" time="9.098"/>
</testsuite> <!-- Default test -->
