<?xml version="1.0" encoding="UTF-8"?>
<testng-results ignored="0" total="3" passed="3" failed="0" skipped="0">
  <reporter-output>
  </reporter-output>
  <suite started-at="2023-07-12T11:42:31 IST" name="Default suite" finished-at="2023-07-12T11:43:03 IST" duration-ms="32430">
    <groups>
    </groups>
    <test started-at="2023-07-12T11:42:31 IST" name="Default test" finished-at="2023-07-12T11:43:03 IST" duration-ms="32430">
      <class name="com.FDdetail.testscenario.CredentialTest">
        <test-method is-config="true" signature="setUp()[pri:0, instance:com.FDdetail.testscenario.CredentialTest@4f80542f]" started-at="2023-07-12T11:42:31 IST" name="setUp" finished-at="2023-07-12T11:42:38 IST" duration-ms="7019" status="PASS">
          <reporter-output>
          </reporter-output>
        </test-method> <!-- setUp -->
        <test-method signature="CredentialTest()[pri:1, instance:com.FDdetail.testscenario.CredentialTest@4f80542f]" started-at="2023-07-12T11:42:38 IST" name="CredentialTest" finished-at="2023-07-12T11:42:48 IST" duration-ms="10083" status="PASS">
          <reporter-output>
          </reporter-output>
        </test-method> <!-- CredentialTest -->
        <test-method signature="printingAccountDetails()[pri:2, instance:com.FDdetail.testscenario.CredentialTest@4f80542f]" started-at="2023-07-12T11:42:48 IST" name="printingAccountDetails" finished-at="2023-07-12T11:42:53 IST" duration-ms="5216" status="PASS">
          <reporter-output>
          </reporter-output>
        </test-method> <!-- printingAccountDetails -->
        <test-method signature="creatingNewAcc(java.lang.String,java.lang.String,java.lang.String)[pri:3, instance:com.FDdetail.testscenario.CredentialTest@4f80542f]" started-at="2023-07-12T11:42:54 IST" name="creatingNewAcc" data-provider="testData" finished-at="2023-07-12T11:43:03 IST" duration-ms="9098" status="PASS">
          <params>
            <param index="0">
              <value>
                <![CDATA[Current Account]]>
              </value>
            </param>
            <param index="1">
              <value>
                <![CDATA[Karnataka]]>
              </value>
            </param>
            <param index="2">
              <value>
                <![CDATA[Bangalore]]>
              </value>
            </param>
          </params>
          <reporter-output>
          </reporter-output>
        </test-method> <!-- creatingNewAcc -->
        <test-method is-config="true" signature="tearDown()[pri:0, instance:com.FDdetail.testscenario.CredentialTest@4f80542f]" started-at="2023-07-12T11:43:03 IST" name="tearDown" finished-at="2023-07-12T11:43:03 IST" duration-ms="260" status="PASS">
          <reporter-output>
          </reporter-output>
        </test-method> <!-- tearDown -->
      </class> <!-- com.FDdetail.testscenario.CredentialTest -->
    </test> <!-- Default test -->
  </suite> <!-- Default suite -->
</testng-results>
